#
# There is insufficient memory for the Java Runtime Environment to continue.
# Native memory allocation (malloc) failed to allocate 32744 bytes for Chunk::new
# Possible reasons:
#   The system is out of physical RAM or swap space
#   The process is running with CompressedOops enabled, and the Java Heap may be blocking the growth of the native heap
# Possible solutions:
#   Reduce memory load on the system
#   Increase physical memory or swap space
#   Check if swap backing store is full
#   Decrease Java heap size (-Xmx/-Xms)
#   Decrease number of Java threads
#   Decrease Java thread stack sizes (-Xss)
#   Set larger code cache with -XX:ReservedCodeCacheSize=
#   JVM is running with Zero Based Compressed Oops mode in which the Java heap is
#     placed in the first 32GB address space. The Java Heap base address is the
#     maximum limit for the native heap growth. Please use -XX:HeapBaseMinAddress
#     to set the Java Heap base and to place the Java Heap above 32GB virtual address.
# This output file may be truncated or incomplete.
#
#  Out of Memory Error (arena.cpp:168), pid=43360, tid=6272
#
# JRE version: OpenJDK Runtime Environment Temurin-21.0.1+12 (21.0.1+12) (build 21.0.1+12-LTS)
# Java VM: OpenJDK 64-Bit Server VM Temurin-21.0.1+12 (21.0.1+12-LTS, mixed mode, tiered, compressed oops, compressed class ptrs, g1 gc, windows-amd64)
# No core dump will be written. Minidumps are not enabled by default on client versions of Windows
#

---------------  S U M M A R Y ------------

Command Line: -Dfile.encoding=UTF-8 -Dstdout.encoding=UTF-8 -Dstderr.encoding=UTF-8 --module-path=C:\Users\payal\eclipse-workspace\Bank_Management\bin -XX:+ShowCodeDetailsInExceptionMessages -Djdk.module.main=Bank_Management Bank_Management/bank.management.system.PinChange

Host: 13th Gen Intel(R) Core(TM) i5-13420H, 12 cores, 15G,  Windows 11 , 64 bit Build 22621 (10.0.22621.3527)
Time: Sat Jun 29 22:58:22 2024 India Standard Time elapsed time: 0.928506 seconds (0d 0h 0m 0s)

---------------  T H R E A D  ---------------

Current thread (0x0000024708890ad0):  JavaThread "C2 CompilerThread1" daemon [_thread_in_native, id=6272, stack(0x00000068d0e00000,0x00000068d0f00000) (1024K)]


Current CompileTask:
C2:    928 1076   !   4       sun.font.TrueTypeFont::getTableBuffer (208 bytes)

Stack: [0x00000068d0e00000,0x00000068d0f00000]
Native frames: (J=compiled Java code, j=interpreted, Vv=VM code, C=native code)
V  [jvm.dll+0x6c7789]
V  [jvm.dll+0x8a2011]
V  [jvm.dll+0x8a44ae]
V  [jvm.dll+0x8a4b83]
V  [jvm.dll+0x27f936]
V  [jvm.dll+0xc498d]
V  [jvm.dll+0xc4ea3]
V  [jvm.dll+0x6f314a]
V  [jvm.dll+0x1e0ef6]
V  [jvm.dll+0x248042]
V  [jvm.dll+0x2474cf]
V  [jvm.dll+0x1c8ae1]
V  [jvm.dll+0x256c69]
V  [jvm.dll+0x25523a]
V  [jvm.dll+0x3ecc86]
V  [jvm.dll+0x84af3b]
V  [jvm.dll+0x6c5ebd]
C  [ucrtbase.dll+0x29333]
C  [KERNEL32.DLL+0x1257d]
C  [ntdll.dll+0x5aa48]


---------------  P R O C E S S  ---------------

Threads class SMR info:
_java_thread_list=0x000002470873a030, length=19, elements={
0x00000247080d0690, 0x00000247080d1250, 0x000002470809cd70, 0x000002470809d7d0,
0x00000247080d9f50, 0x00000247080a9790, 0x00000247080ad630, 0x00000247080af0e0,
0x0000024708207400, 0x00000247083c57b0, 0x0000024708491ea0, 0x0000024708492730,
0x0000024708483ab0, 0x00000247086b1760, 0x00000247086a8590, 0x0000024765fcb2f0,
0x0000024708890ad0, 0x000002470888f4f0, 0x000002470a1b34b0
}

Java Threads: ( => current thread )
  0x00000247080d0690 JavaThread "Reference Handler"          daemon [_thread_blocked, id=20772, stack(0x00000068cfc00000,0x00000068cfd00000) (1024K)]
  0x00000247080d1250 JavaThread "Finalizer"                  daemon [_thread_blocked, id=26140, stack(0x00000068cfd00000,0x00000068cfe00000) (1024K)]
  0x000002470809cd70 JavaThread "Signal Dispatcher"          daemon [_thread_blocked, id=34928, stack(0x00000068cfe00000,0x00000068cff00000) (1024K)]
  0x000002470809d7d0 JavaThread "Attach Listener"            daemon [_thread_blocked, id=35968, stack(0x00000068cff00000,0x00000068d0000000) (1024K)]
  0x00000247080d9f50 JavaThread "Service Thread"             daemon [_thread_blocked, id=5696, stack(0x00000068d0000000,0x00000068d0100000) (1024K)]
  0x00000247080a9790 JavaThread "Monitor Deflation Thread"   daemon [_thread_blocked, id=43116, stack(0x00000068d0100000,0x00000068d0200000) (1024K)]
  0x00000247080ad630 JavaThread "C2 CompilerThread0"         daemon [_thread_blocked, id=36992, stack(0x00000068d0200000,0x00000068d0300000) (1024K)]
  0x00000247080af0e0 JavaThread "C1 CompilerThread0"         daemon [_thread_blocked, id=18232, stack(0x00000068d0300000,0x00000068d0400000) (1024K)]
  0x0000024708207400 JavaThread "Common-Cleaner"             daemon [_thread_blocked, id=42496, stack(0x00000068d0400000,0x00000068d0500000) (1024K)]
  0x00000247083c57b0 JavaThread "Notification Thread"        daemon [_thread_blocked, id=2444, stack(0x00000068d0500000,0x00000068d0600000) (1024K)]
  0x0000024708491ea0 JavaThread "Java2D Disposer"            daemon [_thread_blocked, id=21220, stack(0x00000068d0600000,0x00000068d0700000) (1024K)]
  0x0000024708492730 JavaThread "AWT-Shutdown"                      [_thread_blocked, id=5796, stack(0x00000068d0700000,0x00000068d0800000) (1024K)]
  0x0000024708483ab0 JavaThread "AWT-Windows"                daemon [_thread_in_native, id=2488, stack(0x00000068d0800000,0x00000068d0900000) (1024K)]
  0x00000247086b1760 JavaThread "Image Fetcher 0"            daemon [_thread_blocked, id=15264, stack(0x00000068d0900000,0x00000068d0a00000) (1024K)]
  0x00000247086a8590 JavaThread "AWT-EventQueue-0"                  [_thread_blocked, id=2340, stack(0x00000068d0a00000,0x00000068d0b00000) (1024K)]
  0x0000024765fcb2f0 JavaThread "DestroyJavaVM"                     [_thread_blocked, id=39268, stack(0x00000068cf400000,0x00000068cf500000) (1024K)]
=>0x0000024708890ad0 JavaThread "C2 CompilerThread1"         daemon [_thread_in_native, id=6272, stack(0x00000068d0e00000,0x00000068d0f00000) (1024K)]
  0x000002470888f4f0 JavaThread "C2 CompilerThread2"         daemon [_thread_blocked, id=7544, stack(0x00000068d0f00000,0x00000068d1000000) (1024K)]
  0x000002470a1b34b0 JavaThread "TimerQueue"                 daemon [_thread_blocked, id=19108, stack(0x00000068d1600000,0x00000068d1700000) (1024K)]
Total: 19

Other Threads:
  0x000002470803f090 VMThread "VM Thread"                           [id=27088, stack(0x00000068cfb00000,0x00000068cfc00000) (1024K)]
  0x000002477e6f7ca0 WatcherThread "VM Periodic Task Thread"        [id=17468, stack(0x00000068cfa00000,0x00000068cfb00000) (1024K)]
  0x000002476823d4e0 WorkerThread "GC Thread#0"                     [id=15160, stack(0x00000068cf500000,0x00000068cf600000) (1024K)]
  0x00000247088b0100 WorkerThread "GC Thread#1"                     [id=26220, stack(0x00000068d1000000,0x00000068d1100000) (1024K)]
  0x0000024708be8c40 WorkerThread "GC Thread#2"                     [id=6988, stack(0x00000068d1100000,0x00000068d1200000) (1024K)]
  0x0000024708be8fe0 WorkerThread "GC Thread#3"                     [id=37372, stack(0x00000068d1200000,0x00000068d1300000) (1024K)]
  0x000002470888fba0 WorkerThread "GC Thread#4"                     [id=41092, stack(0x00000068d1300000,0x00000068d1400000) (1024K)]
  0x0000024708890310 WorkerThread "GC Thread#5"                     [id=25604, stack(0x00000068d1400000,0x00000068d1500000) (1024K)]
  0x000002470a003500 WorkerThread "GC Thread#6"                     [id=34608, stack(0x00000068d1500000,0x00000068d1600000) (1024K)]
  0x000002476828c7b0 ConcurrentGCThread "G1 Main Marker"            [id=18088, stack(0x00000068cf600000,0x00000068cf700000) (1024K)]
  0x000002476828d2b0 WorkerThread "G1 Conc#0"                       [id=18792, stack(0x00000068cf700000,0x00000068cf800000) (1024K)]
  0x000002477e5cca00 ConcurrentGCThread "G1 Refine#0"               [id=20100, stack(0x00000068cf800000,0x00000068cf900000) (1024K)]
  0x000002477e5cd570 ConcurrentGCThread "G1 Service"                [id=27324, stack(0x00000068cf900000,0x00000068cfa00000) (1024K)]
Total: 13

Threads with active compile tasks:
C2 CompilerThread1      941 1076   !   4       sun.font.TrueTypeFont::getTableBuffer (208 bytes)
Total: 1

VM state: not at safepoint (normal execution)

VM Mutex/Monitor currently owned by a thread: None

Heap address: 0x0000000704400000, size: 4028 MB, Compressed Oops mode: Zero based, Oop shift amount: 3

CDS archive(s) not mapped
Compressed class space mapped at: 0x0000000800000000-0x0000000840000000, reserved size: 1073741824
Narrow klass base: 0x0000000800000000, Narrow klass shift: 0, Narrow klass range: 0x40000000

GC Precious Log:
 CardTable entry size: 512
 Card Set container configuration: InlinePtr #cards 4 size 8 Array Of Cards #cards 16 size 48 Howl #buckets 8 coarsen threshold 3686 Howl Bitmap #cards 512 size 80 coarsen threshold 460 Card regions per heap region 1 cards per card region 4096
 CPUs: 12 total, 12 available
 Memory: 16108M
 Large Page Support: Disabled
 NUMA Support: Disabled
 Compressed Oops: Enabled (Zero based)
 Heap Region Size: 2M
 Heap Min Capacity: 8M
 Heap Initial Capacity: 252M
 Heap Max Capacity: 4028M
 Pre-touch: Disabled
 Parallel Workers: 10
 Concurrent Workers: 3
 Concurrent Refinement Workers: 10
 Periodic GC: Disabled

Heap:
 garbage-first heap   total 258048K, used 15373K [0x0000000704400000, 0x0000000800000000)
  region size 2048K, 3 young (6144K), 2 survivors (4096K)
 Metaspace       used 16118K, committed 16256K, reserved 1114112K
  class space    used 1586K, committed 1664K, reserved 1048576K

Heap Regions: E=young(eden), S=young(survivor), O=old, HS=humongous(starts), HC=humongous(continues), CS=collection set, F=free, TAMS=top-at-mark-start, PB=parsable bottom
|   0|0x0000000704400000, 0x0000000704600000, 0x0000000704600000|100%|HS|  |TAMS 0x0000000704400000| PB 0x0000000704400000| Complete 
|   1|0x0000000704600000, 0x0000000704800000, 0x0000000704800000|100%|HC|  |TAMS 0x0000000704600000| PB 0x0000000704600000| Complete 
|   2|0x0000000704800000, 0x0000000704a00000, 0x0000000704a00000|100%|HS|  |TAMS 0x0000000704800000| PB 0x0000000704800000| Complete 
|   3|0x0000000704a00000, 0x0000000704c00000, 0x0000000704c00000|100%|HC|  |TAMS 0x0000000704a00000| PB 0x0000000704a00000| Complete 
|   4|0x0000000704c00000, 0x0000000704e00000, 0x0000000704e00000|100%|HS|  |TAMS 0x0000000704c00000| PB 0x0000000704c00000| Complete 
|   5|0x0000000704e00000, 0x0000000705000000, 0x0000000705000000|100%|HC|  |TAMS 0x0000000704e00000| PB 0x0000000704e00000| Complete 
|   6|0x0000000705000000, 0x0000000705000000, 0x0000000705200000|  0%| F|  |TAMS 0x0000000705000000| PB 0x0000000705000000| Untracked 
|   7|0x0000000705200000, 0x0000000705200000, 0x0000000705400000|  0%| F|  |TAMS 0x0000000705200000| PB 0x0000000705200000| Untracked 
|   8|0x0000000705400000, 0x0000000705400000, 0x0000000705600000|  0%| F|  |TAMS 0x0000000705400000| PB 0x0000000705400000| Untracked 
|   9|0x0000000705600000, 0x0000000705600000, 0x0000000705800000|  0%| F|  |TAMS 0x0000000705600000| PB 0x0000000705600000| Untracked 
|  10|0x0000000705800000, 0x0000000705800000, 0x0000000705a00000|  0%| F|  |TAMS 0x0000000705800000| PB 0x0000000705800000| Untracked 
|  11|0x0000000705a00000, 0x0000000705a00000, 0x0000000705c00000|  0%| F|  |TAMS 0x0000000705a00000| PB 0x0000000705a00000| Untracked 
|  12|0x0000000705c00000, 0x0000000705c00000, 0x0000000705e00000|  0%| F|  |TAMS 0x0000000705c00000| PB 0x0000000705c00000| Untracked 
|  13|0x0000000705e00000, 0x0000000705e00000, 0x0000000706000000|  0%| F|  |TAMS 0x0000000705e00000| PB 0x0000000705e00000| Untracked 
|  14|0x0000000706000000, 0x0000000706000000, 0x0000000706200000|  0%| F|  |TAMS 0x0000000706000000| PB 0x0000000706000000| Untracked 
|  15|0x0000000706200000, 0x0000000706200000, 0x0000000706400000|  0%| F|  |TAMS 0x0000000706200000| PB 0x0000000706200000| Untracked 
|  16|0x0000000706400000, 0x0000000706400000, 0x0000000706600000|  0%| F|  |TAMS 0x0000000706400000| PB 0x0000000706400000| Untracked 
|  17|0x0000000706600000, 0x0000000706600000, 0x0000000706800000|  0%| F|  |TAMS 0x0000000706600000| PB 0x0000000706600000| Untracked 
|  18|0x0000000706800000, 0x0000000706800000, 0x0000000706a00000|  0%| F|  |TAMS 0x0000000706800000| PB 0x0000000706800000| Untracked 
|  19|0x0000000706a00000, 0x0000000706a00000, 0x0000000706c00000|  0%| F|  |TAMS 0x0000000706a00000| PB 0x0000000706a00000| Untracked 
|  20|0x0000000706c00000, 0x0000000706c00000, 0x0000000706e00000|  0%| F|  |TAMS 0x0000000706c00000| PB 0x0000000706c00000| Untracked 
|  21|0x0000000706e00000, 0x0000000706e00000, 0x0000000707000000|  0%| F|  |TAMS 0x0000000706e00000| PB 0x0000000706e00000| Untracked 
|  22|0x0000000707000000, 0x0000000707000000, 0x0000000707200000|  0%| F|  |TAMS 0x0000000707000000| PB 0x0000000707000000| Untracked 
|  23|0x0000000707200000, 0x0000000707200000, 0x0000000707400000|  0%| F|  |TAMS 0x0000000707200000| PB 0x0000000707200000| Untracked 
|  24|0x0000000707400000, 0x0000000707400000, 0x0000000707600000|  0%| F|  |TAMS 0x0000000707400000| PB 0x0000000707400000| Untracked 
|  25|0x0000000707600000, 0x0000000707600000, 0x0000000707800000|  0%| F|  |TAMS 0x0000000707600000| PB 0x0000000707600000| Untracked 
|  26|0x0000000707800000, 0x0000000707800000, 0x0000000707a00000|  0%| F|  |TAMS 0x0000000707800000| PB 0x0000000707800000| Untracked 
|  27|0x0000000707a00000, 0x0000000707a00000, 0x0000000707c00000|  0%| F|  |TAMS 0x0000000707a00000| PB 0x0000000707a00000| Untracked 
|  28|0x0000000707c00000, 0x0000000707c00000, 0x0000000707e00000|  0%| F|  |TAMS 0x0000000707c00000| PB 0x0000000707c00000| Untracked 
|  29|0x0000000707e00000, 0x0000000707e00000, 0x0000000708000000|  0%| F|  |TAMS 0x0000000707e00000| PB 0x0000000707e00000| Untracked 
|  30|0x0000000708000000, 0x0000000708000000, 0x0000000708200000|  0%| F|  |TAMS 0x0000000708000000| PB 0x0000000708000000| Untracked 
|  31|0x0000000708200000, 0x0000000708200000, 0x0000000708400000|  0%| F|  |TAMS 0x0000000708200000| PB 0x0000000708200000| Untracked 
|  32|0x0000000708400000, 0x0000000708400000, 0x0000000708600000|  0%| F|  |TAMS 0x0000000708400000| PB 0x0000000708400000| Untracked 
|  33|0x0000000708600000, 0x0000000708600000, 0x0000000708800000|  0%| F|  |TAMS 0x0000000708600000| PB 0x0000000708600000| Untracked 
|  34|0x0000000708800000, 0x0000000708800000, 0x0000000708a00000|  0%| F|  |TAMS 0x0000000708800000| PB 0x0000000708800000| Untracked 
|  35|0x0000000708a00000, 0x0000000708a00000, 0x0000000708c00000|  0%| F|  |TAMS 0x0000000708a00000| PB 0x0000000708a00000| Untracked 
|  36|0x0000000708c00000, 0x0000000708c00000, 0x0000000708e00000|  0%| F|  |TAMS 0x0000000708c00000| PB 0x0000000708c00000| Untracked 
|  37|0x0000000708e00000, 0x0000000708e00000, 0x0000000709000000|  0%| F|  |TAMS 0x0000000708e00000| PB 0x0000000708e00000| Untracked 
|  38|0x0000000709000000, 0x0000000709000000, 0x0000000709200000|  0%| F|  |TAMS 0x0000000709000000| PB 0x0000000709000000| Untracked 
|  39|0x0000000709200000, 0x0000000709200000, 0x0000000709400000|  0%| F|  |TAMS 0x0000000709200000| PB 0x0000000709200000| Untracked 
|  40|0x0000000709400000, 0x0000000709400000, 0x0000000709600000|  0%| F|  |TAMS 0x0000000709400000| PB 0x0000000709400000| Untracked 
|  41|0x0000000709600000, 0x0000000709600000, 0x0000000709800000|  0%| F|  |TAMS 0x0000000709600000| PB 0x0000000709600000| Untracked 
|  42|0x0000000709800000, 0x0000000709800000, 0x0000000709a00000|  0%| F|  |TAMS 0x0000000709800000| PB 0x0000000709800000| Untracked 
|  43|0x0000000709a00000, 0x0000000709a00000, 0x0000000709c00000|  0%| F|  |TAMS 0x0000000709a00000| PB 0x0000000709a00000| Untracked 
|  44|0x0000000709c00000, 0x0000000709c00000, 0x0000000709e00000|  0%| F|  |TAMS 0x0000000709c00000| PB 0x0000000709c00000| Untracked 
|  45|0x0000000709e00000, 0x0000000709e00000, 0x000000070a000000|  0%| F|  |TAMS 0x0000000709e00000| PB 0x0000000709e00000| Untracked 
|  46|0x000000070a000000, 0x000000070a000000, 0x000000070a200000|  0%| F|  |TAMS 0x000000070a000000| PB 0x000000070a000000| Untracked 
|  47|0x000000070a200000, 0x000000070a200000, 0x000000070a400000|  0%| F|  |TAMS 0x000000070a200000| PB 0x000000070a200000| Untracked 
|  48|0x000000070a400000, 0x000000070a400000, 0x000000070a600000|  0%| F|  |TAMS 0x000000070a400000| PB 0x000000070a400000| Untracked 
|  49|0x000000070a600000, 0x000000070a600000, 0x000000070a800000|  0%| F|  |TAMS 0x000000070a600000| PB 0x000000070a600000| Untracked 
|  50|0x000000070a800000, 0x000000070a800000, 0x000000070aa00000|  0%| F|  |TAMS 0x000000070a800000| PB 0x000000070a800000| Untracked 
|  51|0x000000070aa00000, 0x000000070aa00000, 0x000000070ac00000|  0%| F|  |TAMS 0x000000070aa00000| PB 0x000000070aa00000| Untracked 
|  52|0x000000070ac00000, 0x000000070ac00000, 0x000000070ae00000|  0%| F|  |TAMS 0x000000070ac00000| PB 0x000000070ac00000| Untracked 
|  53|0x000000070ae00000, 0x000000070ae00000, 0x000000070b000000|  0%| F|  |TAMS 0x000000070ae00000| PB 0x000000070ae00000| Untracked 
|  54|0x000000070b000000, 0x000000070b000000, 0x000000070b200000|  0%| F|  |TAMS 0x000000070b000000| PB 0x000000070b000000| Untracked 
|  55|0x000000070b200000, 0x000000070b200000, 0x000000070b400000|  0%| F|  |TAMS 0x000000070b200000| PB 0x000000070b200000| Untracked 
|  56|0x000000070b400000, 0x000000070b400000, 0x000000070b600000|  0%| F|  |TAMS 0x000000070b400000| PB 0x000000070b400000| Untracked 
|  57|0x000000070b600000, 0x000000070b600000, 0x000000070b800000|  0%| F|  |TAMS 0x000000070b600000| PB 0x000000070b600000| Untracked 
|  58|0x000000070b800000, 0x000000070b800000, 0x000000070ba00000|  0%| F|  |TAMS 0x000000070b800000| PB 0x000000070b800000| Untracked 
|  59|0x000000070ba00000, 0x000000070ba00000, 0x000000070bc00000|  0%| F|  |TAMS 0x000000070ba00000| PB 0x000000070ba00000| Untracked 
|  60|0x000000070bc00000, 0x000000070bc00000, 0x000000070be00000|  0%| F|  |TAMS 0x000000070bc00000| PB 0x000000070bc00000| Untracked 
|  61|0x000000070be00000, 0x000000070be00000, 0x000000070c000000|  0%| F|  |TAMS 0x000000070be00000| PB 0x000000070be00000| Untracked 
|  62|0x000000070c000000, 0x000000070c000000, 0x000000070c200000|  0%| F|  |TAMS 0x000000070c000000| PB 0x000000070c000000| Untracked 
|  63|0x000000070c200000, 0x000000070c200000, 0x000000070c400000|  0%| F|  |TAMS 0x000000070c200000| PB 0x000000070c200000| Untracked 
|  64|0x000000070c400000, 0x000000070c400000, 0x000000070c600000|  0%| F|  |TAMS 0x000000070c400000| PB 0x000000070c400000| Untracked 
|  65|0x000000070c600000, 0x000000070c600000, 0x000000070c800000|  0%| F|  |TAMS 0x000000070c600000| PB 0x000000070c600000| Untracked 
|  66|0x000000070c800000, 0x000000070c800000, 0x000000070ca00000|  0%| F|  |TAMS 0x000000070c800000| PB 0x000000070c800000| Untracked 
|  67|0x000000070ca00000, 0x000000070ca00000, 0x000000070cc00000|  0%| F|  |TAMS 0x000000070ca00000| PB 0x000000070ca00000| Untracked 
|  68|0x000000070cc00000, 0x000000070cc00000, 0x000000070ce00000|  0%| F|  |TAMS 0x000000070cc00000| PB 0x000000070cc00000| Untracked 
|  69|0x000000070ce00000, 0x000000070ce00000, 0x000000070d000000|  0%| F|  |TAMS 0x000000070ce00000| PB 0x000000070ce00000| Untracked 
|  70|0x000000070d000000, 0x000000070d000000, 0x000000070d200000|  0%| F|  |TAMS 0x000000070d000000| PB 0x000000070d000000| Untracked 
|  71|0x000000070d200000, 0x000000070d200000, 0x000000070d400000|  0%| F|  |TAMS 0x000000070d200000| PB 0x000000070d200000| Untracked 
|  72|0x000000070d400000, 0x000000070d400000, 0x000000070d600000|  0%| F|  |TAMS 0x000000070d400000| PB 0x000000070d400000| Untracked 
|  73|0x000000070d600000, 0x000000070d600000, 0x000000070d800000|  0%| F|  |TAMS 0x000000070d600000| PB 0x000000070d600000| Untracked 
|  74|0x000000070d800000, 0x000000070d800000, 0x000000070da00000|  0%| F|  |TAMS 0x000000070d800000| PB 0x000000070d800000| Untracked 
|  75|0x000000070da00000, 0x000000070da00000, 0x000000070dc00000|  0%| F|  |TAMS 0x000000070da00000| PB 0x000000070da00000| Untracked 
|  76|0x000000070dc00000, 0x000000070dc00000, 0x000000070de00000|  0%| F|  |TAMS 0x000000070dc00000| PB 0x000000070dc00000| Untracked 
|  77|0x000000070de00000, 0x000000070de00000, 0x000000070e000000|  0%| F|  |TAMS 0x000000070de00000| PB 0x000000070de00000| Untracked 
|  78|0x000000070e000000, 0x000000070e000000, 0x000000070e200000|  0%| F|  |TAMS 0x000000070e000000| PB 0x000000070e000000| Untracked 
|  79|0x000000070e200000, 0x000000070e200000, 0x000000070e400000|  0%| F|  |TAMS 0x000000070e200000| PB 0x000000070e200000| Untracked 
|  80|0x000000070e400000, 0x000000070e400000, 0x000000070e600000|  0%| F|  |TAMS 0x000000070e400000| PB 0x000000070e400000| Untracked 
|  81|0x000000070e600000, 0x000000070e600000, 0x000000070e800000|  0%| F|  |TAMS 0x000000070e600000| PB 0x000000070e600000| Untracked 
|  82|0x000000070e800000, 0x000000070e800000, 0x000000070ea00000|  0%| F|  |TAMS 0x000000070e800000| PB 0x000000070e800000| Untracked 
|  83|0x000000070ea00000, 0x000000070ea00000, 0x000000070ec00000|  0%| F|  |TAMS 0x000000070ea00000| PB 0x000000070ea00000| Untracked 
|  84|0x000000070ec00000, 0x000000070ec00000, 0x000000070ee00000|  0%| F|  |TAMS 0x000000070ec00000| PB 0x000000070ec00000| Untracked 
|  85|0x000000070ee00000, 0x000000070ee00000, 0x000000070f000000|  0%| F|  |TAMS 0x000000070ee00000| PB 0x000000070ee00000| Untracked 
|  86|0x000000070f000000, 0x000000070f000000, 0x000000070f200000|  0%| F|  |TAMS 0x000000070f000000| PB 0x000000070f000000| Untracked 
|  87|0x000000070f200000, 0x000000070f200000, 0x000000070f400000|  0%| F|  |TAMS 0x000000070f200000| PB 0x000000070f200000| Untracked 
|  88|0x000000070f400000, 0x000000070f400000, 0x000000070f600000|  0%| F|  |TAMS 0x000000070f400000| PB 0x000000070f400000| Untracked 
|  89|0x000000070f600000, 0x000000070f600000, 0x000000070f800000|  0%| F|  |TAMS 0x000000070f600000| PB 0x000000070f600000| Untracked 
|  90|0x000000070f800000, 0x000000070f800000, 0x000000070fa00000|  0%| F|  |TAMS 0x000000070f800000| PB 0x000000070f800000| Untracked 
|  91|0x000000070fa00000, 0x000000070fa00000, 0x000000070fc00000|  0%| F|  |TAMS 0x000000070fa00000| PB 0x000000070fa00000| Untracked 
|  92|0x000000070fc00000, 0x000000070fc00000, 0x000000070fe00000|  0%| F|  |TAMS 0x000000070fc00000| PB 0x000000070fc00000| Untracked 
|  93|0x000000070fe00000, 0x000000070fe00000, 0x0000000710000000|  0%| F|  |TAMS 0x000000070fe00000| PB 0x000000070fe00000| Untracked 
|  94|0x0000000710000000, 0x0000000710000000, 0x0000000710200000|  0%| F|  |TAMS 0x0000000710000000| PB 0x0000000710000000| Untracked 
|  95|0x0000000710200000, 0x0000000710200000, 0x0000000710400000|  0%| F|  |TAMS 0x0000000710200000| PB 0x0000000710200000| Untracked 
|  96|0x0000000710400000, 0x0000000710400000, 0x0000000710600000|  0%| F|  |TAMS 0x0000000710400000| PB 0x0000000710400000| Untracked 
|  97|0x0000000710600000, 0x0000000710600000, 0x0000000710800000|  0%| F|  |TAMS 0x0000000710600000| PB 0x0000000710600000| Untracked 
|  98|0x0000000710800000, 0x0000000710800000, 0x0000000710a00000|  0%| F|  |TAMS 0x0000000710800000| PB 0x0000000710800000| Untracked 
|  99|0x0000000710a00000, 0x0000000710a00000, 0x0000000710c00000|  0%| F|  |TAMS 0x0000000710a00000| PB 0x0000000710a00000| Untracked 
| 100|0x0000000710c00000, 0x0000000710c00000, 0x0000000710e00000|  0%| F|  |TAMS 0x0000000710c00000| PB 0x0000000710c00000| Untracked 
| 101|0x0000000710e00000, 0x0000000710e00000, 0x0000000711000000|  0%| F|  |TAMS 0x0000000710e00000| PB 0x0000000710e00000| Untracked 
| 102|0x0000000711000000, 0x0000000711000000, 0x0000000711200000|  0%| F|  |TAMS 0x0000000711000000| PB 0x0000000711000000| Untracked 
| 103|0x0000000711200000, 0x0000000711200000, 0x0000000711400000|  0%| F|  |TAMS 0x0000000711200000| PB 0x0000000711200000| Untracked 
| 104|0x0000000711400000, 0x0000000711400000, 0x0000000711600000|  0%| F|  |TAMS 0x0000000711400000| PB 0x0000000711400000| Untracked 
| 105|0x0000000711600000, 0x0000000711600000, 0x0000000711800000|  0%| F|  |TAMS 0x0000000711600000| PB 0x0000000711600000| Untracked 
| 106|0x0000000711800000, 0x0000000711800000, 0x0000000711a00000|  0%| F|  |TAMS 0x0000000711800000| PB 0x0000000711800000| Untracked 
| 107|0x0000000711a00000, 0x0000000711a00000, 0x0000000711c00000|  0%| F|  |TAMS 0x0000000711a00000| PB 0x0000000711a00000| Untracked 
| 108|0x0000000711c00000, 0x0000000711c00000, 0x0000000711e00000|  0%| F|  |TAMS 0x0000000711c00000| PB 0x0000000711c00000| Untracked 
| 109|0x0000000711e00000, 0x0000000711e00000, 0x0000000712000000|  0%| F|  |TAMS 0x0000000711e00000| PB 0x0000000711e00000| Untracked 
| 110|0x0000000712000000, 0x0000000712000000, 0x0000000712200000|  0%| F|  |TAMS 0x0000000712000000| PB 0x0000000712000000| Untracked 
| 111|0x0000000712200000, 0x0000000712200000, 0x0000000712400000|  0%| F|  |TAMS 0x0000000712200000| PB 0x0000000712200000| Untracked 
| 112|0x0000000712400000, 0x0000000712400000, 0x0000000712600000|  0%| F|  |TAMS 0x0000000712400000| PB 0x0000000712400000| Untracked 
| 113|0x0000000712600000, 0x0000000712703510, 0x0000000712800000| 50%| S|CS|TAMS 0x0000000712600000| PB 0x0000000712600000| Complete 
| 114|0x0000000712800000, 0x0000000712a00000, 0x0000000712a00000|100%| S|CS|TAMS 0x0000000712800000| PB 0x0000000712800000| Complete 
| 115|0x0000000712a00000, 0x0000000712a00000, 0x0000000712c00000|  0%| F|  |TAMS 0x0000000712a00000| PB 0x0000000712a00000| Untracked 
| 116|0x0000000712c00000, 0x0000000712c00000, 0x0000000712e00000|  0%| F|  |TAMS 0x0000000712c00000| PB 0x0000000712c00000| Untracked 
| 117|0x0000000712e00000, 0x0000000712e00000, 0x0000000713000000|  0%| F|  |TAMS 0x0000000712e00000| PB 0x0000000712e00000| Untracked 
| 118|0x0000000713000000, 0x0000000713000000, 0x0000000713200000|  0%| F|  |TAMS 0x0000000713000000| PB 0x0000000713000000| Untracked 
| 119|0x0000000713200000, 0x0000000713200000, 0x0000000713400000|  0%| F|  |TAMS 0x0000000713200000| PB 0x0000000713200000| Untracked 
| 120|0x0000000713400000, 0x0000000713400000, 0x0000000713600000|  0%| F|  |TAMS 0x0000000713400000| PB 0x0000000713400000| Untracked 
| 121|0x0000000713600000, 0x0000000713600000, 0x0000000713800000|  0%| F|  |TAMS 0x0000000713600000| PB 0x0000000713600000| Untracked 
| 122|0x0000000713800000, 0x0000000713800000, 0x0000000713a00000|  0%| F|  |TAMS 0x0000000713800000| PB 0x0000000713800000| Untracked 
| 123|0x0000000713a00000, 0x0000000713a00000, 0x0000000713c00000|  0%| F|  |TAMS 0x0000000713a00000| PB 0x0000000713a00000| Untracked 
| 124|0x0000000713c00000, 0x0000000713c00000, 0x0000000713e00000|  0%| F|  |TAMS 0x0000000713c00000| PB 0x0000000713c00000| Untracked 
| 125|0x0000000713e00000, 0x0000000713f52710, 0x0000000714000000| 66%| E|  |TAMS 0x0000000713e00000| PB 0x0000000713e00000| Complete 

Card table byte_map: [0x000002477ba20000,0x000002477c200000] _byte_map_base: 0x00000247781fe000

Marking Bits: (CMBitMap*) 0x000002476823e3f0
 Bits: [0x0000024700000000, 0x0000024703ef0000)

Polling page: 0x00000247661e0000

Metaspace:

Usage:
  Non-class:     14.19 MB used.
      Class:      1.55 MB used.
       Both:     15.74 MB used.

Virtual space:
  Non-class space:       64.00 MB reserved,      14.25 MB ( 22%) committed,  1 nodes.
      Class space:        1.00 GB reserved,       1.62 MB ( <1%) committed,  1 nodes.
             Both:        1.06 GB reserved,      15.88 MB (  1%) committed. 

Chunk freelists:
   Non-Class:  1.00 MB
       Class:  14.25 MB
        Both:  15.25 MB

MaxMetaspaceSize: unlimited
CompressedClassSpaceSize: 1.00 GB
Initial GC threshold: 21.00 MB
Current GC threshold: 21.00 MB
CDS: off
 - commit_granule_bytes: 65536.
 - commit_granule_words: 8192.
 - virtual_space_node_default_size: 8388608.
 - enlarge_chunks_in_place: 1.
 - use_allocation_guard: 0.


Internal statistics:

num_allocs_failed_limit: 0.
num_arena_births: 152.
num_arena_deaths: 0.
num_vsnodes_births: 2.
num_vsnodes_deaths: 0.
num_space_committed: 254.
num_space_uncommitted: 0.
num_chunks_returned_to_freelist: 0.
num_chunks_taken_from_freelist: 242.
num_chunk_merges: 0.
num_chunk_splits: 120.
num_chunks_enlarged: 35.
num_inconsistent_stats: 0.

CodeHeap 'non-profiled nmethods': size=120000Kb used=311Kb max_used=311Kb free=119688Kb
 bounds [0x00000247737b0000, 0x0000024773a20000, 0x000002477ace0000]
CodeHeap 'profiled nmethods': size=120000Kb used=1835Kb max_used=1835Kb free=118164Kb
 bounds [0x000002476bce0000, 0x000002476bf50000, 0x0000024773210000]
CodeHeap 'non-nmethods': size=5760Kb used=1559Kb max_used=1567Kb free=4200Kb
 bounds [0x0000024773210000, 0x0000024773480000, 0x00000247737b0000]
 total_blobs=1751 nmethods=1125 adapters=531
 compilation: enabled
              stopped_count=0, restarted_count=0
 full_count=0

Compilation events (20 events):
Event: 0.912 Thread 0x00000247080af0e0 1114       3       java.awt.Component::getParent (5 bytes)
Event: 0.912 Thread 0x00000247080af0e0 nmethod 1114 0x000002476bea5f90 code [0x000002476bea6120, 0x000002476bea6248]
Event: 0.912 Thread 0x00000247080af0e0 1112       3       java.awt.Component::getContainer (5 bytes)
Event: 0.912 Thread 0x00000247080af0e0 nmethod 1112 0x000002476bea6310 code [0x000002476bea64a0, 0x000002476bea65c8]
Event: 0.912 Thread 0x00000247080af0e0 1113       3       sun.awt.SunToolkit::targetToAppContext (30 bytes)
Event: 0.912 Thread 0x00000247080af0e0 nmethod 1113 0x000002476bea6690 code [0x000002476bea6880, 0x000002476bea6da8]
Event: 0.912 Thread 0x00000247080af0e0 1115       3       java.awt.geom.Rectangle2D::<init> (5 bytes)
Event: 0.913 Thread 0x00000247080af0e0 nmethod 1115 0x000002476bea6f90 code [0x000002476bea7140, 0x000002476bea7308]
Event: 0.913 Thread 0x00000247080af0e0 1116       3       java.awt.geom.RectangularShape::<init> (5 bytes)
Event: 0.913 Thread 0x00000247080af0e0 nmethod 1116 0x000002476bea7410 code [0x000002476bea75c0, 0x000002476bea7728]
Event: 0.913 Thread 0x00000247080af0e0 1117       3       java.awt.geom.AffineTransform::equals (26 bytes)
Event: 0.913 Thread 0x00000247080af0e0 nmethod 1117 0x000002476bea7810 code [0x000002476bea79c0, 0x000002476bea7d50]
Event: 0.913 Thread 0x00000247080af0e0 1118       3       java.awt.geom.AffineTransform::getType (17 bytes)
Event: 0.913 Thread 0x00000247080af0e0 nmethod 1118 0x000002476bea7e90 code [0x000002476bea8040, 0x000002476bea81c8]
Event: 0.913 Thread 0x00000247080af0e0 1119       3       java.util.ArrayList$Itr::checkForComodification (23 bytes)
Event: 0.914 Thread 0x00000247080af0e0 nmethod 1119 0x000002476bea8290 code [0x000002476bea8440, 0x000002476bea8618]
Event: 0.918 Thread 0x00000247080af0e0 1120       3       java.awt.Component$1::getAppContext (5 bytes)
Event: 0.918 Thread 0x00000247080af0e0 nmethod 1120 0x000002476bea8710 code [0x000002476bea88a0, 0x000002476bea89b8]
Event: 0.925 Thread 0x00000247080af0e0 1121       3       java.util.ArrayList$Itr::next (66 bytes)
Event: 0.925 Thread 0x00000247080af0e0 nmethod 1121 0x000002476bea8a90 code [0x000002476bea8c80, 0x000002476bea9068]

GC Heap History (2 events):
Event: 0.894 GC heap before
{Heap before GC invocations=0 (full 0):
 garbage-first heap   total 258048K, used 34816K [0x0000000704400000, 0x0000000800000000)
  region size 2048K, 11 young (22528K), 0 survivors (0K)
 Metaspace       used 15806K, committed 15936K, reserved 1114112K
  class space    used 1552K, committed 1600K, reserved 1048576K
}
Event: 0.897 GC heap after
{Heap after GC invocations=1 (full 0):
 garbage-first heap   total 258048K, used 15373K [0x0000000704400000, 0x0000000800000000)
  region size 2048K, 2 young (4096K), 2 survivors (4096K)
 Metaspace       used 15806K, committed 15936K, reserved 1114112K
  class space    used 1552K, committed 1600K, reserved 1048576K
}

Dll operation events (10 events):
Event: 0.009 Loaded shared library C:\Users\payal\.p2\pool\plugins\org.eclipse.justj.openjdk.hotspot.jre.full.win32.x86_64_21.0.1.v20231028-0937\jre\bin\java.dll
Event: 0.283 Loaded shared library C:\Users\payal\.p2\pool\plugins\org.eclipse.justj.openjdk.hotspot.jre.full.win32.x86_64_21.0.1.v20231028-0937\jre\bin\zip.dll
Event: 0.422 Loaded shared library C:\Users\payal\.p2\pool\plugins\org.eclipse.justj.openjdk.hotspot.jre.full.win32.x86_64_21.0.1.v20231028-0937\jre\bin\net.dll
Event: 0.424 Loaded shared library C:\Users\payal\.p2\pool\plugins\org.eclipse.justj.openjdk.hotspot.jre.full.win32.x86_64_21.0.1.v20231028-0937\jre\bin\nio.dll
Event: 0.461 Loaded shared library C:\Users\payal\.p2\pool\plugins\org.eclipse.justj.openjdk.hotspot.jre.full.win32.x86_64_21.0.1.v20231028-0937\jre\bin\jimage.dll
Event: 0.469 Loaded shared library C:\Users\payal\.p2\pool\plugins\org.eclipse.justj.openjdk.hotspot.jre.full.win32.x86_64_21.0.1.v20231028-0937\jre\bin\zip.dll
Event: 0.478 Loaded shared library C:\Users\payal\.p2\pool\plugins\org.eclipse.justj.openjdk.hotspot.jre.full.win32.x86_64_21.0.1.v20231028-0937\jre\bin\awt.dll
Event: 0.619 Loaded shared library C:\Users\payal\.p2\pool\plugins\org.eclipse.justj.openjdk.hotspot.jre.full.win32.x86_64_21.0.1.v20231028-0937\jre\bin\javajpeg.dll
Event: 0.680 Loaded shared library C:\Users\payal\.p2\pool\plugins\org.eclipse.justj.openjdk.hotspot.jre.full.win32.x86_64_21.0.1.v20231028-0937\jre\bin\freetype.dll
Event: 0.681 Loaded shared library C:\Users\payal\.p2\pool\plugins\org.eclipse.justj.openjdk.hotspot.jre.full.win32.x86_64_21.0.1.v20231028-0937\jre\bin\fontmanager.dll

Deoptimization events (20 events):
Event: 0.643 Thread 0x00000247086b1760 DEOPT PACKING pc=0x000002476bdbb9fd sp=0x00000068d09fe140
Event: 0.643 Thread 0x00000247086b1760 DEOPT UNPACKING pc=0x0000024773264e42 sp=0x00000068d09fd5d0 mode 0
Event: 0.689 Thread 0x0000024765fcb2f0 DEOPT PACKING pc=0x000002476bcf2b19 sp=0x00000068cf4fdf10
Event: 0.689 Thread 0x0000024765fcb2f0 DEOPT UNPACKING pc=0x0000024773264e42 sp=0x00000068cf4fd330 mode 0
Event: 0.779 Thread 0x00000247086a8590 Uncommon trap: trap_request=0xffffff45 fr.pc=0x00000247737e8414 relative=0x0000000000000074
Event: 0.779 Thread 0x00000247086a8590 Uncommon trap: reason=unstable_if action=reinterpret pc=0x00000247737e8414 method=java.lang.CharacterDataLatin1.toLowerCase(I)I @ 16 c2
Event: 0.779 Thread 0x00000247086a8590 DEOPT PACKING pc=0x00000247737e8414 sp=0x00000068d0afc690
Event: 0.779 Thread 0x00000247086a8590 DEOPT UNPACKING pc=0x00000247732646a2 sp=0x00000068d0afc610 mode 2
Event: 0.873 Thread 0x00000247086a8590 Uncommon trap: trap_request=0xffffff45 fr.pc=0x00000247737ba85c relative=0x000000000000029c
Event: 0.873 Thread 0x00000247086a8590 Uncommon trap: reason=unstable_if action=reinterpret pc=0x00000247737ba85c method=java.lang.String.isLatin1()Z @ 10 c2
Event: 0.873 Thread 0x00000247086a8590 DEOPT PACKING pc=0x00000247737ba85c sp=0x00000068d0afce20
Event: 0.873 Thread 0x00000247086a8590 DEOPT UNPACKING pc=0x00000247732646a2 sp=0x00000068d0afcd50 mode 2
Event: 0.890 Thread 0x00000247086a8590 Uncommon trap: trap_request=0xffffff45 fr.pc=0x00000247737f5c78 relative=0x0000000000000418
Event: 0.890 Thread 0x00000247086a8590 Uncommon trap: reason=unstable_if action=reinterpret pc=0x00000247737f5c78 method=java.lang.Character.isSurrogate(C)Z @ 3 c2
Event: 0.890 Thread 0x00000247086a8590 DEOPT PACKING pc=0x00000247737f5c78 sp=0x00000068d0afc950
Event: 0.890 Thread 0x00000247086a8590 DEOPT UNPACKING pc=0x00000247732646a2 sp=0x00000068d0afc868 mode 2
Event: 0.898 Thread 0x00000247086a8590 Uncommon trap: trap_request=0xffffff45 fr.pc=0x00000247737e96f0 relative=0x0000000000000490
Event: 0.898 Thread 0x00000247086a8590 Uncommon trap: reason=unstable_if action=reinterpret pc=0x00000247737e96f0 method=java.lang.StringLatin1.toLowerCase(Ljava/lang/String;[BLjava/util/Locale;)Ljava/lang/String; @ 43 c2
Event: 0.898 Thread 0x00000247086a8590 DEOPT PACKING pc=0x00000247737e96f0 sp=0x00000068d0afcf70
Event: 0.898 Thread 0x00000247086a8590 DEOPT UNPACKING pc=0x00000247732646a2 sp=0x00000068d0afcee0 mode 2

Classes loaded (20 events):
Event: 0.912 Loading class javax/swing/TimerQueue$DelayedTimer
Event: 0.912 Loading class java/util/concurrent/Delayed
Event: 0.912 Loading class java/util/concurrent/Delayed done
Event: 0.912 Loading class javax/swing/TimerQueue$DelayedTimer done
Event: 0.912 Loading class java/awt/TextComponent
Event: 0.912 Loading class java/awt/TextComponent done
Event: 0.913 Loading class java/awt/Container$MouseEventTargetFilter
Event: 0.913 Loading class java/awt/Container$EventTargetFilter
Event: 0.913 Loading class java/awt/Container$EventTargetFilter done
Event: 0.913 Loading class java/awt/Container$MouseEventTargetFilter done
Event: 0.913 Loading class java/awt/LightweightDispatcher$1
Event: 0.913 Loading class java/awt/LightweightDispatcher$1 done
Event: 0.913 Loading class java/awt/event/AWTEventListenerProxy
Event: 0.913 Loading class java/awt/event/AWTEventListenerProxy done
Event: 0.913 Loading class java/awt/Toolkit$SelectiveAWTEventListener
Event: 0.913 Loading class java/awt/Toolkit$SelectiveAWTEventListener done
Event: 0.913 Loading class java/awt/Toolkit$ToolkitEventMulticaster
Event: 0.913 Loading class java/awt/Toolkit$ToolkitEventMulticaster done
Event: 0.913 Loading class java/awt/event/MouseWheelEvent
Event: 0.913 Loading class java/awt/event/MouseWheelEvent done

Classes unloaded (0 events):
No events

Classes redefined (0 events):
No events

Internal exceptions (15 events):
Event: 0.433 Thread 0x0000024765fcb2f0 Exception <a 'java/lang/NoSuchMethodError'{0x0000000713c74cc8}: 'void java.lang.invoke.DirectMethodHandle$Holder.invokeVirtual(java.lang.Object, java.lang.Object)'> (0x0000000713c74cc8) 
thrown [s\src\hotspot\share\interpreter\linkResolver.cpp, line 773]
Event: 0.434 Thread 0x0000024765fcb2f0 Exception <a 'java/lang/NoSuchMethodError'{0x0000000713c7fc98}: 'java.lang.Object java.lang.invoke.DirectMethodHandle$Holder.invokeInterface(java.lang.Object, java.lang.Object, java.lang.Object)'> (0x0000000713c7fc98) 
thrown [s\src\hotspot\share\interpreter\linkResolver.cpp, line 773]
Event: 0.463 Thread 0x0000024765fcb2f0 Exception <a 'sun/nio/fs/WindowsException'{0x0000000713d343c0}> (0x0000000713d343c0) 
thrown [s\src\hotspot\share\prims\jni.cpp, line 520]
Event: 0.472 Thread 0x0000024765fcb2f0 Exception <a 'java/lang/ClassNotFoundException'{0x0000000713d5d698}: sun/awt/resources/spi/awtProvider> (0x0000000713d5d698) 
thrown [s\src\hotspot\share\classfile\systemDictionary.cpp, line 312]
Event: 0.486 Thread 0x0000024765fcb2f0 Exception <a 'java/io/FileNotFoundException'{0x0000000713db3a58}> (0x0000000713db3a58) 
thrown [s\src\hotspot\share\prims\jni.cpp, line 520]
Event: 0.490 Thread 0x0000024765fcb2f0 Exception <a 'java/io/FileNotFoundException'{0x0000000713dddcc0}> (0x0000000713dddcc0) 
thrown [s\src\hotspot\share\prims\jni.cpp, line 520]
Event: 0.589 Thread 0x0000024765fcb2f0 Exception <a 'java/lang/NoSuchMethodError'{0x0000000713b569e8}: 'void java.lang.invoke.DirectMethodHandle$Holder.invokeSpecial(java.lang.Object, java.lang.Object, java.lang.Object)'> (0x0000000713b569e8) 
thrown [s\src\hotspot\share\interpreter\linkResolver.cpp, line 773]
Event: 0.593 Thread 0x0000024765fcb2f0 Exception <a 'java/lang/NoSuchMethodError'{0x0000000713b7c190}: 'java.lang.Object java.lang.invoke.DirectMethodHandle$Holder.newInvokeSpecial(java.lang.Object, java.lang.Object, java.lang.Object, java.lang.Object, java.lang.Object)'> (0x0000000713b7c190) 
thrown [s\src\hotspot\share\interpreter\linkResolver.cpp, line 773]
Event: 0.596 Thread 0x0000024765fcb2f0 Exception <a 'java/lang/NoSuchMethodError'{0x0000000713ba7d18}: 'java.lang.Object java.lang.invoke.DirectMethodHandle$Holder.invokeStatic(java.lang.Object, int, java.lang.Object)'> (0x0000000713ba7d18) 
thrown [s\src\hotspot\share\interpreter\linkResolver.cpp, line 773]
Event: 0.607 Thread 0x0000024765fcb2f0 Exception <a 'java/lang/ClassNotFoundException'{0x0000000713847b60}: com/sun/swing/internal/plaf/metal/resources/spi/metalProvider> (0x0000000713847b60) 
thrown [s\src\hotspot\share\classfile\systemDictionary.cpp, line 312]
Event: 0.608 Thread 0x0000024765fcb2f0 Exception <a 'java/lang/ClassNotFoundException'{0x000000071384ba70}: com/sun/swing/internal/plaf/basic/resources/spi/basicProvider> (0x000000071384ba70) 
thrown [s\src\hotspot\share\classfile\systemDictionary.cpp, line 312]
Event: 0.615 Thread 0x0000024765fcb2f0 Exception <a 'java/lang/NoSuchMethodError'{0x000000071386ade8}: 'int java.lang.invoke.Invokers$Holder.invokeExact_MT(java.lang.Object, java.lang.Object)'> (0x000000071386ade8) 
thrown [s\src\hotspot\share\interpreter\linkResolver.cpp, line 773]
Event: 0.620 Thread 0x00000247086b1760 Exception <a 'java/lang/NoSuchMethodError'{0x00000007138ed2e8}: 'java.lang.Object java.lang.invoke.DirectMethodHandle$Holder.newInvokeSpecial(java.lang.Object, java.lang.Object, java.lang.Object, int, int, int, int, int)'> (0x00000007138ed2e8) 
thrown [s\src\hotspot\share\interpreter\linkResolver.cpp, line 773]
Event: 0.677 Thread 0x0000024765fcb2f0 Exception <a 'java/lang/NoSuchMethodError'{0x00000007138b7fe8}: 'void java.lang.invoke.DirectMethodHandle$Holder.invokeStaticInit(java.lang.Object)'> (0x00000007138b7fe8) 
thrown [s\src\hotspot\share\interpreter\linkResolver.cpp, line 773]
Event: 0.698 Thread 0x0000024765fcb2f0 Exception <a 'sun/nio/fs/WindowsException'{0x00000007133f5180}> (0x00000007133f5180) 
thrown [s\src\hotspot\share\prims\jni.cpp, line 520]

ZGC Phase Switch (0 events):
No events

VM Operations (10 events):
Event: 0.443 Executing VM operation: HandshakeAllThreads (Deoptimize)
Event: 0.443 Executing VM operation: HandshakeAllThreads (Deoptimize) done
Event: 0.496 Executing VM operation: HandshakeAllThreads (Deoptimize)
Event: 0.496 Executing VM operation: HandshakeAllThreads (Deoptimize) done
Event: 0.633 Executing VM operation: HandshakeAllThreads (Deoptimize)
Event: 0.633 Executing VM operation: HandshakeAllThreads (Deoptimize) done
Event: 0.658 Executing VM operation: HandshakeAllThreads (Deoptimize)
Event: 0.658 Executing VM operation: HandshakeAllThreads (Deoptimize) done
Event: 0.894 Executing VM operation: G1CollectForAllocation (G1 Evacuation Pause)
Event: 0.897 Executing VM operation: G1CollectForAllocation (G1 Evacuation Pause) done

Events (20 events):
Event: 0.377 Thread 0x00000247080d0690 Thread added: 0x00000247080d0690
Event: 0.377 Thread 0x00000247080d1250 Thread added: 0x00000247080d1250
Event: 0.378 Thread 0x000002470809cd70 Thread added: 0x000002470809cd70
Event: 0.378 Thread 0x000002470809d7d0 Thread added: 0x000002470809d7d0
Event: 0.378 Thread 0x00000247080d9f50 Thread added: 0x00000247080d9f50
Event: 0.378 Thread 0x00000247080a9790 Thread added: 0x00000247080a9790
Event: 0.378 Thread 0x00000247080ad630 Thread added: 0x00000247080ad630
Event: 0.378 Thread 0x00000247080af0e0 Thread added: 0x00000247080af0e0
Event: 0.416 Thread 0x0000024708207400 Thread added: 0x0000024708207400
Event: 0.449 Thread 0x00000247083c57b0 Thread added: 0x00000247083c57b0
Event: 0.520 Thread 0x0000024708491ea0 Thread added: 0x0000024708491ea0
Event: 0.521 Thread 0x0000024708492730 Thread added: 0x0000024708492730
Event: 0.521 Thread 0x0000024708483ab0 Thread added: 0x0000024708483ab0
Event: 0.618 Thread 0x00000247086b1760 Thread added: 0x00000247086b1760
Event: 0.668 Thread 0x00000247086a8590 Thread added: 0x00000247086a8590
Event: 0.732 Thread 0x0000024765fcb2f0 Thread exited: 0x0000024765fcb2f0
Event: 0.733 Thread 0x0000024765fcb2f0 Thread added: 0x0000024765fcb2f0
Event: 0.878 Thread 0x0000024708890ad0 Thread added: 0x0000024708890ad0
Event: 0.891 Thread 0x000002470888f4f0 Thread added: 0x000002470888f4f0
Event: 0.912 Thread 0x000002470a1b34b0 Thread added: 0x000002470a1b34b0


Dynamic libraries:
0x00007ff77ad80000 - 0x00007ff77ad8e000 	C:\Users\payal\.p2\pool\plugins\org.eclipse.justj.openjdk.hotspot.jre.full.win32.x86_64_21.0.1.v20231028-0937\jre\bin\javaw.exe
0x00007fff05ab0000 - 0x00007fff05cc7000 	C:\Windows\SYSTEM32\ntdll.dll
0x00007fff04650000 - 0x00007fff04714000 	C:\Windows\System32\KERNEL32.DLL
0x00007fff02ed0000 - 0x00007fff03277000 	C:\Windows\System32\KERNELBASE.dll
0x00007fff034e0000 - 0x00007fff035f1000 	C:\Windows\System32\ucrtbase.dll
0x00007ffee97a0000 - 0x00007ffee97bb000 	C:\Users\payal\.p2\pool\plugins\org.eclipse.justj.openjdk.hotspot.jre.full.win32.x86_64_21.0.1.v20231028-0937\jre\bin\VCRUNTIME140.dll
0x00007ffefbff0000 - 0x00007ffefc008000 	C:\Users\payal\.p2\pool\plugins\org.eclipse.justj.openjdk.hotspot.jre.full.win32.x86_64_21.0.1.v20231028-0937\jre\bin\jli.dll
0x00007fff04e00000 - 0x00007fff04fae000 	C:\Windows\System32\USER32.dll
0x00007fff02e70000 - 0x00007fff02e96000 	C:\Windows\System32\win32u.dll
0x00007fff055b0000 - 0x00007fff055d9000 	C:\Windows\System32\GDI32.dll
0x00007ffee63b0000 - 0x00007ffee6643000 	C:\Windows\WinSxS\amd64_microsoft.windows.common-controls_6595b64144ccf1df_6.0.22621.3527_none_270e469b73872a76\COMCTL32.dll
0x00007fff036c0000 - 0x00007fff037d9000 	C:\Windows\System32\gdi32full.dll
0x00007fff05480000 - 0x00007fff05527000 	C:\Windows\System32\msvcrt.dll
0x00007fff02dd0000 - 0x00007fff02e6a000 	C:\Windows\System32\msvcp_win.dll
0x00007fff055e0000 - 0x00007fff05611000 	C:\Windows\System32\IMM32.DLL
0x00007ffefdd30000 - 0x00007ffefdd3c000 	C:\Users\payal\.p2\pool\plugins\org.eclipse.justj.openjdk.hotspot.jre.full.win32.x86_64_21.0.1.v20231028-0937\jre\bin\vcruntime140_1.dll
0x00007ffeb5880000 - 0x00007ffeb590e000 	C:\Users\payal\.p2\pool\plugins\org.eclipse.justj.openjdk.hotspot.jre.full.win32.x86_64_21.0.1.v20231028-0937\jre\bin\msvcp140.dll
0x00007ffe6d5f0000 - 0x00007ffe6e371000 	C:\Users\payal\.p2\pool\plugins\org.eclipse.justj.openjdk.hotspot.jre.full.win32.x86_64_21.0.1.v20231028-0937\jre\bin\server\jvm.dll
0x00007fff05010000 - 0x00007fff050c2000 	C:\Windows\System32\ADVAPI32.dll
0x00007fff05750000 - 0x00007fff057f8000 	C:\Windows\System32\sechost.dll
0x00007fff02ea0000 - 0x00007fff02ec8000 	C:\Windows\System32\bcrypt.dll
0x00007fff05630000 - 0x00007fff05745000 	C:\Windows\System32\RPCRT4.dll
0x00007fff03860000 - 0x00007fff038d1000 	C:\Windows\System32\WS2_32.dll
0x00007fff01c30000 - 0x00007fff01c7d000 	C:\Windows\SYSTEM32\POWRPROF.dll
0x00007ffef5db0000 - 0x00007ffef5dba000 	C:\Windows\SYSTEM32\VERSION.dll
0x00007ffef7f80000 - 0x00007ffef7fb4000 	C:\Windows\SYSTEM32\WINMM.dll
0x00007fff01c00000 - 0x00007fff01c13000 	C:\Windows\SYSTEM32\UMPDC.dll
0x00007fff01ec0000 - 0x00007fff01ed8000 	C:\Windows\SYSTEM32\kernel.appcore.dll
0x00007ffeffc30000 - 0x00007ffeffc3a000 	C:\Users\payal\.p2\pool\plugins\org.eclipse.justj.openjdk.hotspot.jre.full.win32.x86_64_21.0.1.v20231028-0937\jre\bin\jimage.dll
0x00007fff00790000 - 0x00007fff009c2000 	C:\Windows\SYSTEM32\DBGHELP.DLL
0x00007fff050d0000 - 0x00007fff05458000 	C:\Windows\System32\combase.dll
0x00007fff03990000 - 0x00007fff03a67000 	C:\Windows\System32\OLEAUT32.dll
0x00007ffefdaa0000 - 0x00007ffefdad2000 	C:\Windows\SYSTEM32\dbgcore.DLL
0x00007fff033f0000 - 0x00007fff03469000 	C:\Windows\System32\bcryptPrimitives.dll
0x00007ffefc660000 - 0x00007ffefc67f000 	C:\Users\payal\.p2\pool\plugins\org.eclipse.justj.openjdk.hotspot.jre.full.win32.x86_64_21.0.1.v20231028-0937\jre\bin\java.dll
0x00007ffefb970000 - 0x00007ffefb988000 	C:\Users\payal\.p2\pool\plugins\org.eclipse.justj.openjdk.hotspot.jre.full.win32.x86_64_21.0.1.v20231028-0937\jre\bin\zip.dll
0x00007fff03c40000 - 0x00007fff0449c000 	C:\Windows\System32\SHELL32.dll
0x00007fff00cc0000 - 0x00007fff015b6000 	C:\Windows\SYSTEM32\windows.storage.dll
0x00007fff00b80000 - 0x00007fff00cbe000 	C:\Windows\SYSTEM32\wintypes.dll
0x00007fff04720000 - 0x00007fff04815000 	C:\Windows\System32\SHCORE.dll
0x00007fff04fb0000 - 0x00007fff0500e000 	C:\Windows\System32\shlwapi.dll
0x00007fff02d00000 - 0x00007fff02d21000 	C:\Windows\SYSTEM32\profapi.dll
0x00007ffefd250000 - 0x00007ffefd260000 	C:\Users\payal\.p2\pool\plugins\org.eclipse.justj.openjdk.hotspot.jre.full.win32.x86_64_21.0.1.v20231028-0937\jre\bin\net.dll
0x00007ffef9a00000 - 0x00007ffef9b36000 	C:\Windows\SYSTEM32\WINHTTP.dll
0x00007fff02350000 - 0x00007fff023b9000 	C:\Windows\system32\mswsock.dll
0x00007ffee3560000 - 0x00007ffee3576000 	C:\Users\payal\.p2\pool\plugins\org.eclipse.justj.openjdk.hotspot.jre.full.win32.x86_64_21.0.1.v20231028-0937\jre\bin\nio.dll
0x00007ffe75ed0000 - 0x00007ffe7605d000 	C:\Users\payal\.p2\pool\plugins\org.eclipse.justj.openjdk.hotspot.jre.full.win32.x86_64_21.0.1.v20231028-0937\jre\bin\awt.dll
0x00007ffeffc80000 - 0x00007ffeffd17000 	C:\Windows\SYSTEM32\apphelp.dll
0x00007fff00180000 - 0x00007fff001ab000 	C:\Windows\system32\DWMAPI.DLL
0x00007ffeffe40000 - 0x00007ffeffeeb000 	C:\Windows\system32\uxtheme.dll
0x00007ffeb5780000 - 0x00007ffeb5880000 	C:\Windows\system32\opengl32.dll
0x00007ffee58b0000 - 0x00007ffee58dd000 	C:\Windows\SYSTEM32\GLU32.dll
0x00007ffefff40000 - 0x00007ffefff79000 	C:\Windows\SYSTEM32\dxcore.dll
0x00007ffeb9c60000 - 0x00007ffeb9d93000 	C:\ProgramData\A-Volute\A-Volute.Nahimic\Modules\Scheduled\x64\AudioDevProps2.dll
0x00007fff044a0000 - 0x00007fff04645000 	C:\Windows\System32\ole32.dll
0x0000024709130000 - 0x0000024709283000 	C:\Windows\System32\MSCTF.dll
0x00007ffeec190000 - 0x00007ffeec1be000 	C:\Users\payal\.p2\pool\plugins\org.eclipse.justj.openjdk.hotspot.jre.full.win32.x86_64_21.0.1.v20231028-0937\jre\bin\javajpeg.dll
0x00007ffea45f0000 - 0x00007ffea4677000 	C:\Users\payal\.p2\pool\plugins\org.eclipse.justj.openjdk.hotspot.jre.full.win32.x86_64_21.0.1.v20231028-0937\jre\bin\freetype.dll
0x00007ffea33e0000 - 0x00007ffea34b3000 	C:\Users\payal\.p2\pool\plugins\org.eclipse.justj.openjdk.hotspot.jre.full.win32.x86_64_21.0.1.v20231028-0937\jre\bin\fontmanager.dll
0x00007fff038e0000 - 0x00007fff03990000 	C:\Windows\System32\clbcatq.dll
0x00007ffefe370000 - 0x00007ffefe520000 	C:\Windows\SYSTEM32\WindowsCodecs.dll
0x00007ffee89c0000 - 0x00007ffee8a1e000 	C:\Windows\system32\dataexchange.dll
0x00007ffefd3c0000 - 0x00007ffefd64b000 	C:\Windows\system32\twinapi.appcore.dll
0x00007ffee6100000 - 0x00007ffee624b000 	C:\Windows\SYSTEM32\textinputframework.dll

dbghelp: loaded successfully - version: 4.0.5 - missing functions: none
symbol engine: initialized successfully - sym options: 0x614 - pdb path: .;C:\Users\payal\.p2\pool\plugins\org.eclipse.justj.openjdk.hotspot.jre.full.win32.x86_64_21.0.1.v20231028-0937\jre\bin;C:\Windows\SYSTEM32;C:\Windows\WinSxS\amd64_microsoft.windows.common-controls_6595b64144ccf1df_6.0.22621.3527_none_270e469b73872a76;C:\Users\payal\.p2\pool\plugins\org.eclipse.justj.openjdk.hotspot.jre.full.win32.x86_64_21.0.1.v20231028-0937\jre\bin\server;C:\ProgramData\A-Volute\A-Volute.Nahimic\Modules\Scheduled\x64

VM Arguments:
jvm_args: -Dfile.encoding=UTF-8 -Dstdout.encoding=UTF-8 -Dstderr.encoding=UTF-8 --module-path=C:\Users\payal\eclipse-workspace\Bank_Management\bin -XX:+ShowCodeDetailsInExceptionMessages -Djdk.module.main=Bank_Management 
java_command: Bank_Management/bank.management.system.PinChange
java_class_path (initial): C:\Users\payal\Downloads\mysql-connector-java-8.0.28.jar
Launcher Type: SUN_STANDARD

[Global flags]
     intx CICompilerCount                          = 4                                         {product} {ergonomic}
     uint ConcGCThreads                            = 3                                         {product} {ergonomic}
     uint G1ConcRefinementThreads                  = 10                                        {product} {ergonomic}
   size_t G1HeapRegionSize                         = 2097152                                   {product} {ergonomic}
    uintx GCDrainStackTargetSize                   = 64                                        {product} {ergonomic}
   size_t InitialHeapSize                          = 264241152                                 {product} {ergonomic}
   size_t MarkStackSize                            = 4194304                                   {product} {ergonomic}
   size_t MaxHeapSize                              = 4223664128                                {product} {ergonomic}
   size_t MaxNewSize                               = 2533359616                                {product} {ergonomic}
   size_t MinHeapDeltaBytes                        = 2097152                                   {product} {ergonomic}
   size_t MinHeapSize                              = 8388608                                   {product} {ergonomic}
    uintx NonNMethodCodeHeapSize                   = 5839372                                {pd product} {ergonomic}
    uintx NonProfiledCodeHeapSize                  = 122909434                              {pd product} {ergonomic}
    uintx ProfiledCodeHeapSize                     = 122909434                              {pd product} {ergonomic}
    uintx ReservedCodeCacheSize                    = 251658240                              {pd product} {ergonomic}
     bool SegmentedCodeCache                       = true                                      {product} {ergonomic}
     bool ShowCodeDetailsInExceptionMessages       = true                                   {manageable} {command line}
   size_t SoftMaxHeapSize                          = 4223664128                             {manageable} {ergonomic}
     bool UseCompressedOops                        = true                           {product lp64_product} {ergonomic}
     bool UseG1GC                                  = true                                      {product} {ergonomic}
     bool UseLargePagesIndividualAllocation        = false                                  {pd product} {ergonomic}

Logging:
Log output configuration:
 #0: stdout all=warning uptime,level,tags foldmultilines=false
 #1: stderr all=off uptime,level,tags foldmultilines=false

Environment Variables:
JAVA_HOME=C:\Users\payal\AppData\Local\Programs\Eclipse Adoptium\jdk-17.0.9.9-hotspot\
PATH=C:/Users/payal/.p2/pool/plugins/org.eclipse.justj.openjdk.hotspot.jre.full.win32.x86_64_21.0.1.v20231028-0937/jre/bin/server;C:/Users/payal/.p2/pool/plugins/org.eclipse.justj.openjdk.hotspot.jre.full.win32.x86_64_21.0.1.v20231028-0937/jre/bin;C:\Program Files\Common Files\Oracle\Java\javapath;C:\Program Files (x86)\VMware\VMware Player\bin\;C:\Windows\system32;C:\Windows;C:\Windows\System32\Wbem;C:\Windows\System32\WindowsPowerShell\v1.0\;C:\Windows\System32\OpenSSH\;C:\Program Files (x86)\NVIDIA Corporation\PhysX\Common;C:\Program Files\NVIDIA Corporation\NVIDIA NvDLISR;C:\Program Files\Git\cmd;C:\Program Files\Git\mingw64\bin;C:\Program Files\Git\usr\bin;C:\Program Files\nodejs\;C:\Program Files\Java\jdk-17\bin;C:\Program Files\MySQL\MySQL Shell 8.0\bin\;C:\Users\payal\AppData\Local\Programs\Eclipse Adoptium\jdk-17.0.9.9-hotspot\bin;C:\Users\payal\AppData\Local\Microsoft\WindowsApps;;C:\Users\payal\AppData\Local\Programs\Microsoft VS Code\bin;C:\Users\payal\AppData\Roaming\npm;C:\Windows\System32;
USERNAME=Payal
OS=Windows_NT
PROCESSOR_IDENTIFIER=Intel64 Family 6 Model 186 Stepping 2, GenuineIntel
TMP=C:\Users\payal\AppData\Local\Temp
TEMP=C:\Users\payal\AppData\Local\Temp




Periodic native trim disabled

---------------  S Y S T E M  ---------------

OS:
 Windows 11 , 64 bit Build 22621 (10.0.22621.3527)
OS uptime: 14 days 6:51 hours
Hyper-V role detected

CPU: total 12 (initial active 12) (6 cores per cpu, 2 threads per core) family 6 model 186 stepping 2 microcode 0x410e, cx8, cmov, fxsr, ht, mmx, 3dnowpref, sse, sse2, sse3, ssse3, sse4.1, sse4.2, popcnt, lzcnt, tsc, tscinvbit, avx, avx2, aes, erms, clmul, bmi1, bmi2, adx, sha, fma, vzeroupper, clflush, clflushopt, clwb, hv, serialize, rdtscp, rdpid, fsrm, f16c, cet_ibt, cet_ss
Processor Information for processor 0
  Max Mhz: 2100, Current Mhz: 2100, Mhz Limit: 2100
Processor Information for processor 1
  Max Mhz: 2100, Current Mhz: 2100, Mhz Limit: 2100
Processor Information for processor 2
  Max Mhz: 2100, Current Mhz: 2100, Mhz Limit: 2100
Processor Information for processor 3
  Max Mhz: 2100, Current Mhz: 2100, Mhz Limit: 2100
Processor Information for processor 4
  Max Mhz: 2100, Current Mhz: 2100, Mhz Limit: 2100
Processor Information for processor 5
  Max Mhz: 2100, Current Mhz: 1453, Mhz Limit: 2100
Processor Information for processor 6
  Max Mhz: 2100, Current Mhz: 2100, Mhz Limit: 2100
Processor Information for processor 7
  Max Mhz: 2100, Current Mhz: 2100, Mhz Limit: 2100
Processor Information for processor 8
  Max Mhz: 2100, Current Mhz: 1500, Mhz Limit: 1491
Processor Information for processor 9
  Max Mhz: 2100, Current Mhz: 1500, Mhz Limit: 1491
Processor Information for processor 10
  Max Mhz: 2100, Current Mhz: 1500, Mhz Limit: 1491
Processor Information for processor 11
  Max Mhz: 2100, Current Mhz: 1500, Mhz Limit: 1491

Memory: 4k page, system-wide physical 16108M (2749M free)
TotalPageFile size 65260M (AvailPageFile size 5M)
current process WorkingSet (physical memory assigned to process): 107M, peak: 107M
current process commit charge ("private bytes"): 365M, peak: 365M

vm_info: OpenJDK 64-Bit Server VM (21.0.1+12-LTS) for windows-amd64 JRE (21.0.1+12-LTS), built on 2023-10-17T00:00:00Z by "admin" with unknown MS VC++:1937

END.
